<?xml version="1.0" encoding="utf-8"?><testsuites name="pytest tests"><testsuite name="pytest" errors="0" failures="0" skipped="0" tests="12" time="2.800" timestamp="2026-06-08T12:48:49.388728+00:00" hostname="agent-env-a9f2caf5-3b4d-4736-aafe-6e6d3742e6fc"><testcase classname="backend.tests.test_new_features.TestNewModuleGETs" name="test_get_reservations" time="1.653" /><testcase classname="backend.tests.test_new_features.TestNewModuleGETs" name="test_get_loyalty_settings" time="0.051" /><testcase classname="backend.tests.test_new_features.TestNewModuleGETs" name="test_get_loyalty_customers" time="0.046" /><testcase classname="backend.tests.test_new_features.TestNewModuleGETs" name="test_get_ingredients" time="0.042" /><testcase classname="backend.tests.test_new_features.TestNewModuleGETs" name="test_get_recipes" time="0.046" /><testcase classname="backend.tests.test_new_features.TestNewModuleGETs" name="test_get_restaurant_settings" time="0.046" /><testcase classname="backend.tests.test_new_features.TestNewModuleGETs" name="test_get_daily_sales" time="0.046" /><testcase classname="backend.tests.test_new_features.TestNewModuleGETs" name="test_get_stock_report" time="0.056" /><testcase classname="backend.tests.test_new_features.TestMergeSplit" name="test_merge_two_orders" time="0.269" /><testcase classname="backend.tests.test_new_features.TestMergeSplit" name="test_split_by_items" time="0.209" /><testcase classname="backend.tests.test_new_features.TestMergeSplit" name="test_split_equal" time="0.184" /><testcase classname="backend.tests.test_new_features.TestMergeSplit" name="test_merge_validation_min_2" time="0.093" /></testsuite></testsuites>