<?xml version="1.0" encoding="utf-8"?><testsuites name="pytest tests"><testsuite name="pytest" errors="0" failures="0" skipped="0" tests="12" time="4.978" timestamp="2026-04-09T18:27:23.707599+00:00" hostname="agent-env-859f93e6-425d-4725-bcd6-95de7a84c9f0"><testcase classname="tests.test_stripe_removal.TestStripeRemoval" name="test_stripe_create_session_returns_404" time="0.241" /><testcase classname="tests.test_stripe_removal.TestStripeRemoval" name="test_stripe_status_returns_404" time="0.185" /><testcase classname="tests.test_stripe_removal.TestStripeRemoval" name="test_stripe_webhook_returns_404" time="0.150" /><testcase classname="tests.test_stripe_removal.TestProductsAPI" name="test_products_endpoint_works" time="0.151" /><testcase classname="tests.test_stripe_removal.TestAuthentication" name="test_admin_login" time="0.375" /><testcase classname="tests.test_stripe_removal.TestMobileMoneyPayment" name="test_mobile_money_initiate_validates_phone" time="0.463" /><testcase classname="tests.test_stripe_removal.TestMobileMoneyPayment" name="test_mobile_money_initiate_requires_cart" time="0.622" /><testcase classname="tests.test_stripe_removal.TestMobileMoneyPayment" name="test_mobile_money_resend_otp_endpoint_exists" time="0.519" /><testcase classname="tests.test_stripe_removal.TestMobileMoneyPayment" name="test_mobile_money_verify_endpoint_exists" time="0.498" /><testcase classname="tests.test_stripe_removal.TestCartAndOrders" name="test_add_to_cart" time="0.573" /><testcase classname="tests.test_stripe_removal.TestCartAndOrders" name="test_get_cart" time="0.464" /><testcase classname="tests.test_stripe_removal.TestCartAndOrders" name="test_create_order_cod" time="0.670" /></testsuite></testsuites>