<?xml version="1.0" encoding="utf-8"?><testsuites name="pytest tests"><testsuite name="pytest" errors="0" failures="0" skipped="0" tests="10" time="4.204" timestamp="2026-04-10T07:12:59.346532+00:00" hostname="agent-env-859f93e6-425d-4725-bcd6-95de7a84c9f0"><testcase classname="tests.test_cart_cookie_fix.TestAuthCookies" name="test_login_returns_cookies" time="0.367" /><testcase classname="tests.test_cart_cookie_fix.TestAuthCookies" name="test_auth_me_with_cookie" time="0.374" /><testcase classname="tests.test_cart_cookie_fix.TestCartFunctionality" name="test_add_to_cart" time="0.523" /><testcase classname="tests.test_cart_cookie_fix.TestCartFunctionality" name="test_get_cart_returns_items" time="0.537" /><testcase classname="tests.test_cart_cookie_fix.TestCartFunctionality" name="test_cart_persists_across_requests" time="0.593" /><testcase classname="tests.test_cart_cookie_fix.TestCartFunctionality" name="test_update_cart_quantity" time="0.598" /><testcase classname="tests.test_cart_cookie_fix.TestCartFunctionality" name="test_remove_from_cart" time="0.570" /><testcase classname="tests.test_cart_cookie_fix.TestGuestCart" name="test_guest_can_add_to_cart" time="0.250" /><testcase classname="tests.test_cart_cookie_fix.TestProducts" name="test_get_products" time="0.099" /><testcase classname="tests.test_cart_cookie_fix.TestProducts" name="test_get_product_by_id" time="0.207" /></testsuite></testsuites>