<?xml version="1.0" encoding="utf-8"?><testsuites name="pytest tests"><testsuite name="pytest" errors="0" failures="0" skipped="0" tests="12" time="3.352" timestamp="2026-04-10T09:10:32.019407+00:00" hostname="agent-env-859f93e6-425d-4725-bcd6-95de7a84c9f0"><testcase classname="backend.tests.test_bearer_auth.TestBearerTokenAuth" name="test_login_returns_token_in_body" time="0.367" /><testcase classname="backend.tests.test_bearer_auth.TestBearerTokenAuth" name="test_auth_me_with_bearer_header" time="0.437" /><testcase classname="backend.tests.test_bearer_auth.TestBearerTokenAuth" name="test_auth_me_without_token_fails" time="0.113" /><testcase classname="backend.tests.test_bearer_auth.TestBearerTokenAuth" name="test_auth_me_with_invalid_token_fails" time="0.095" /><testcase classname="backend.tests.test_bearer_auth.TestCartWithBearerToken" name="test_add_to_cart_with_bearer_token" time="0.551" /><testcase classname="backend.tests.test_bearer_auth.TestCartWithBearerToken" name="test_get_cart_with_bearer_token" time="0.439" /><testcase classname="backend.tests.test_bearer_auth.TestCartWithBearerToken" name="test_cart_without_token_returns_empty" time="0.098" /><testcase classname="backend.tests.test_bearer_auth.TestLogoutFlow" name="test_logout_endpoint" time="0.422" /><testcase classname="backend.tests.test_bearer_auth.TestProductsEndpoint" name="test_get_products" time="0.102" /><testcase classname="backend.tests.test_bearer_auth.TestProductsEndpoint" name="test_get_single_product" time="0.217" /><testcase classname="backend.tests.test_bearer_auth.TestInvalidCredentials" name="test_login_wrong_password" time="0.327" /><testcase classname="backend.tests.test_bearer_auth.TestInvalidCredentials" name="test_login_nonexistent_user" time="0.114" /></testsuite></testsuites>