<?xml version="1.0" encoding="utf-8"?><testsuites name="pytest tests"><testsuite name="pytest" errors="0" failures="0" skipped="0" tests="15" time="8.194" timestamp="2026-04-09T23:30:58.714733+00:00" hostname="agent-env-859f93e6-425d-4725-bcd6-95de7a84c9f0"><testcase classname="backend.tests.test_banners.TestBannerEndpoints" name="test_get_public_banners_returns_active_only" time="0.540" /><testcase classname="backend.tests.test_banners.TestBannerEndpoints" name="test_get_public_banners_sorted_by_position" time="0.497" /><testcase classname="backend.tests.test_banners.TestBannerEndpoints" name="test_public_banners_have_required_fields" time="0.512" /><testcase classname="backend.tests.test_banners.TestBannerEndpoints" name="test_get_admin_banners_requires_auth" time="0.573" /><testcase classname="backend.tests.test_banners.TestBannerEndpoints" name="test_get_admin_banners_returns_all" time="0.465" /><testcase classname="backend.tests.test_banners.TestBannerEndpoints" name="test_create_banner_success" time="0.583" /><testcase classname="backend.tests.test_banners.TestBannerEndpoints" name="test_create_banner_requires_auth" time="0.534" /><testcase classname="backend.tests.test_banners.TestBannerEndpoints" name="test_create_inactive_banner_not_in_public" time="0.653" /><testcase classname="backend.tests.test_banners.TestBannerEndpoints" name="test_update_banner_success" time="0.578" /><testcase classname="backend.tests.test_banners.TestBannerEndpoints" name="test_update_banner_not_found" time="0.442" /><testcase classname="backend.tests.test_banners.TestBannerEndpoints" name="test_delete_banner_success" time="0.611" /><testcase classname="backend.tests.test_banners.TestBannerEndpoints" name="test_delete_banner_not_found" time="0.468" /><testcase classname="backend.tests.test_banners.TestBannerEndpoints" name="test_delete_banner_requires_auth" time="0.563" /><testcase classname="backend.tests.test_banners.TestBannerDataIntegrity" name="test_banner_with_minimal_fields" time="0.505" /><testcase classname="backend.tests.test_banners.TestBannerDataIntegrity" name="test_seeded_banners_exist" time="0.601" /></testsuite></testsuites>