<?xml version="1.0" encoding="utf-8"?><testsuites name="pytest tests"><testsuite name="pytest" errors="0" failures="0" skipped="0" tests="15" time="6.497" timestamp="2026-04-09T23:21:40.334793+00:00" hostname="agent-env-859f93e6-425d-4725-bcd6-95de7a84c9f0"><testcase classname="backend.tests.test_upload_categories.TestAuthentication" name="test_admin_login" time="0.377" /><testcase classname="backend.tests.test_upload_categories.TestCategoriesPublic" name="test_get_categories_returns_list" time="0.132" /><testcase classname="backend.tests.test_upload_categories.TestCategoriesCRUD" name="test_create_category" time="0.598" /><testcase classname="backend.tests.test_upload_categories.TestCategoriesCRUD" name="test_create_category_duplicate_slug_fails" time="0.566" /><testcase classname="backend.tests.test_upload_categories.TestCategoriesCRUD" name="test_update_category" time="0.707" /><testcase classname="backend.tests.test_upload_categories.TestCategoriesCRUD" name="test_delete_category" time="0.726" /><testcase classname="backend.tests.test_upload_categories.TestCategoriesCRUD" name="test_delete_category_with_products_fails" time="0.557" /><testcase classname="backend.tests.test_upload_categories.TestCategoriesCRUD" name="test_create_category_requires_auth" time="0.114" /><testcase classname="backend.tests.test_upload_categories.TestFileUpload" name="test_single_upload_requires_auth" time="0.119" /><testcase classname="backend.tests.test_upload_categories.TestFileUpload" name="test_single_upload_requires_admin" time="0.546" /><testcase classname="backend.tests.test_upload_categories.TestFileUpload" name="test_upload_rejects_invalid_type" time="0.455" /><testcase classname="backend.tests.test_upload_categories.TestFileUpload" name="test_multiple_upload" time="0.457" /><testcase classname="backend.tests.test_upload_categories.TestFileUpload" name="test_multiple_upload_requires_auth" time="0.126" /><testcase classname="backend.tests.test_upload_categories.TestUploadedFilesServing" name="test_uploads_path_accessible" time="0.122" /><testcase classname="backend.tests.test_upload_categories.TestCleanup" name="test_cleanup_test_categories" time="0.827" /></testsuite></testsuites>